<?xml version="1.0" encoding="UTF-8"?>
<!-- Generated by org.testng.reporters.JUnitXMLReporter -->
<testsuite ignored="4" hostname="DESKTOP-8ID442D" failures="0" tests="2" name="Test" time="31.247" errors="0" timestamp="2023-07-18T17:41:18 IST">
  <testcase classname="com.org.automationpanda.testcases.TC_VerifyPageTitle_001" name="sendMessageTest" time="17.842"/>
  <testcase classname="com.org.automationpanda.testcases.TC_VerifySentMessage_002" name="sendMessageTest" time="13.304"/>
  <testcase classname="com.org.automationpanda.testcases.BaseClass" name="@BeforeSuite setUp" time="0.0">
    <ignored/>
  </testcase> <!-- @BeforeSuite setUp -->
  <testcase classname="com.org.automationpanda.testcases.BaseClass" name="@AfterSuite tearDown" time="0.0">
    <ignored/>
  </testcase> <!-- @AfterSuite tearDown -->
  <testcase classname="com.org.automationpanda.testcases.BaseClass" name="@AfterSuite tearDown" time="0.0">
    <ignored/>
  </testcase> <!-- @AfterSuite tearDown -->
  <testcase classname="com.org.automationpanda.testcases.BaseClass" name="@BeforeSuite setUp" time="0.0">
    <ignored/>
  </testcase> <!-- @BeforeSuite setUp -->
</testsuite> <!-- Test -->
