<?xml version="1.0" encoding="UTF-8"?>
<testng-results ignored="0" total="2" passed="2" failed="0" skipped="0">
  <reporter-output>
  </reporter-output>
  <suite started-at="2023-07-18T17:40:47 IST" name="Suite" finished-at="2023-07-18T17:41:18 IST" duration-ms="31247">
    <groups>
    </groups>
    <test started-at="2023-07-18T17:40:47 IST" name="Test" finished-at="2023-07-18T17:41:18 IST" duration-ms="31247">
      <class name="com.org.automationpanda.testcases.TC_VerifyPageTitle_001">
        <test-method is-config="true" signature="setUp(java.lang.String)[pri:0, instance:com.org.automationpanda.testcases.TC_VerifyPageTitle_001@34e9fd99]" started-at="2023-07-18T17:40:29 IST" name="setUp" finished-at="2023-07-18T17:40:47 IST" duration-ms="17667" status="PASS">
          <params>
            <param index="0">
              <value>
                <![CDATA[https://automationpanda.com/2021/12/29/want-to-practice-test-automation-try-these-demo-sites/]]>
              </value>
            </param>
          </params>
          <reporter-output>
          </reporter-output>
        </test-method> <!-- setUp -->
        <test-method signature="sendMessageTest()[pri:1, instance:com.org.automationpanda.testcases.TC_VerifyPageTitle_001@34e9fd99]" started-at="2023-07-18T17:40:47 IST" name="sendMessageTest" finished-at="2023-07-18T17:41:05 IST" duration-ms="17842" status="PASS">
          <reporter-output>
          </reporter-output>
        </test-method> <!-- sendMessageTest -->
        <test-method is-config="true" signature="tearDown()[pri:0, instance:com.org.automationpanda.testcases.TC_VerifyPageTitle_001@34e9fd99]" started-at="2023-07-18T17:41:18 IST" name="tearDown" finished-at="2023-07-18T17:41:18 IST" duration-ms="575" status="PASS">
          <reporter-output>
          </reporter-output>
        </test-method> <!-- tearDown -->
      </class> <!-- com.org.automationpanda.testcases.TC_VerifyPageTitle_001 -->
      <class name="com.org.automationpanda.testcases.TC_VerifySentMessage_002">
        <test-method signature="sendMessageTest()[pri:2, instance:com.org.automationpanda.testcases.TC_VerifySentMessage_002@2d1ef81a]" started-at="2023-07-18T17:41:05 IST" name="sendMessageTest" finished-at="2023-07-18T17:41:18 IST" duration-ms="13304" status="PASS">
          <reporter-output>
          </reporter-output>
        </test-method> <!-- sendMessageTest -->
      </class> <!-- com.org.automationpanda.testcases.TC_VerifySentMessage_002 -->
    </test> <!-- Test -->
  </suite> <!-- Suite -->
</testng-results>
